[18:09:48] curl_cffi FAIL [https://openapi.twse.com.tw/v1/fund/TWT38U]: Expecting value: line 1 column 1 (char 0)
[18:09:48] urllib FAIL [https://openapi.twse.com.tw/v1/fund/TWT38U]: Expecting value: line 1 column 1 (char 0)
[18:10:21] curl_cffi FAIL [https://www.twse.com.tw/rwd/zh/afterTrading/STOCK_DAY_ALL?re]: Failed to perform, curl: (28) Operation timed out after 15007 milliseconds with 0 bytes received. See https://curl.se/libcurl/c/libcurl-errors.html first for more details.
[18:10:42] curl_cffi FAIL [https://openapi.twse.com.tw/v1/fund/TWT38U]: Expecting value: line 1 column 1 (char 0)
[18:10:43] urllib FAIL [https://openapi.twse.com.tw/v1/fund/TWT38U]: Expecting value: line 1 column 1 (char 0)
[18:11:30] curl_cffi FAIL [https://openapi.twse.com.tw/v1/fund/TWT38U]: Expecting value: line 1 column 1 (char 0)
[18:11:30] urllib FAIL [https://openapi.twse.com.tw/v1/fund/TWT38U]: Expecting value: line 1 column 1 (char 0)
[18:11:41] curl_cffi FAIL [https://www.twse.com.tw/fund/etfFundHoldingData]: Expecting value: line 1 column 1 (char 0)
[18:11:41] curl_cffi FAIL [https://www.twse.com.tw/fund/etfFundHoldingData]: Expecting value: line 1 column 1 (char 0)
[18:11:41] curl_cffi FAIL [https://www.twse.com.tw/fund/etfFundHoldingData]: Expecting value: line 1 column 1 (char 0)
[18:11:41] curl_cffi FAIL [https://www.twse.com.tw/fund/etfFundHoldingData]: Expecting value: line 1 column 1 (char 0)
[18:11:41] curl_cffi FAIL [https://www.twse.com.tw/fund/etfFundHoldingData]: Expecting value: line 1 column 1 (char 0)
[18:11:41] curl_cffi FAIL [https://www.twse.com.tw/fund/etfFundHoldingData]: Expecting value: line 1 column 1 (char 0)
[18:11:42] urllib FAIL [https://www.twse.com.tw/fund/etfFundHoldingData?fund=006208&]: Expecting value: line 1 column 1 (char 0)
[18:11:42] urllib FAIL [https://www.twse.com.tw/fund/etfFundHoldingData?fund=0051&ty]: Expecting value: line 1 column 1 (char 0)
[18:11:42] urllib FAIL [https://www.twse.com.tw/fund/etfFundHoldingData?fund=009816&]: Expecting value: line 1 column 1 (char 0)
[18:11:43] urllib FAIL [https://www.twse.com.tw/fund/etfFundHoldingData?fund=009804&]: Expecting value: line 1 column 1 (char 0)
[18:11:43] urllib FAIL [https://www.twse.com.tw/fund/etfFundHoldingData?fund=00733&t]: Expecting value: line 1 column 1 (char 0)
[18:11:43] urllib FAIL [https://www.twse.com.tw/fund/etfFundHoldingData?fund=0050&ty]: Expecting value: line 1 column 1 (char 0)
[18:22:25] curl_cffi FAIL [https://openapi.twse.com.tw/v1/fund/TWT38U]: Expecting value: line 1 column 1 (char 0)
[18:22:25] urllib FAIL [https://openapi.twse.com.tw/v1/fund/TWT38U]: Expecting value: line 1 column 1 (char 0)
[18:29:46] curl_cffi FAIL [https://openapi.twse.com.tw/v1/fund/TWT38U]: Expecting value: line 1 column 1 (char 0)
[18:29:47] urllib FAIL [https://openapi.twse.com.tw/v1/fund/TWT38U]: Expecting value: line 1 column 1 (char 0)
[09:16:57] curl_cffi FAIL [https://www.tpex.org.tw/openapi/v1/tpex_mainboard_daily_clos]: Failed to perform, curl: (56) Recv failure: Connection was reset. See https://curl.se/libcurl/c/libcurl-errors.html first for more details.
[09:17:16] curl_cffi FAIL [https://openapi.twse.com.tw/v1/fund/TWT38U]: Expecting value: line 1 column 1 (char 0)
[09:17:16] urllib FAIL [https://openapi.twse.com.tw/v1/fund/TWT38U]: Expecting value: line 1 column 1 (char 0)
[09:19:27] curl_cffi FAIL [https://www.twse.com.tw/fund/etfFundHoldingData]: Expecting value: line 1 column 1 (char 0)
[09:19:28] curl_cffi FAIL [https://www.twse.com.tw/fund/etfFundHoldingData]: Expecting value: line 1 column 1 (char 0)
[09:19:29] urllib FAIL [https://www.twse.com.tw/fund/etfFundHoldingData?fund=00981A&]: Expecting value: line 1 column 1 (char 0)
[09:19:30] urllib FAIL [https://www.twse.com.tw/fund/etfFundHoldingData?fund=00981A&]: Expecting value: line 1 column 1 (char 0)
[09:19:31] curl_cffi FAIL [https://www.twse.com.tw/fund/etfFundHoldingData]: Expecting value: line 1 column 1 (char 0)
[09:19:32] urllib FAIL [https://www.twse.com.tw/fund/etfFundHoldingData?fund=00981A&]: Expecting value: line 1 column 1 (char 0)
[09:19:46] curl_cffi FAIL [https://www.twse.com.tw/fund/etfFundHoldingData]: Expecting value: line 1 column 1 (char 0)
[09:19:47] urllib FAIL [https://www.twse.com.tw/fund/etfFundHoldingData?fund=00981A&]: Expecting value: line 1 column 1 (char 0)
[09:21:37] curl_cffi FAIL [https://www.twse.com.tw/fund/etfFundHoldingData]: Expecting value: line 1 column 1 (char 0)
[09:21:37] curl_cffi FAIL [https://www.twse.com.tw/fund/etfFundHoldingData]: Expecting value: line 1 column 1 (char 0)
[09:21:37] curl_cffi FAIL [https://www.twse.com.tw/fund/etfFundHoldingData]: Expecting value: line 1 column 1 (char 0)
[09:21:38] curl_cffi FAIL [https://www.twse.com.tw/fund/etfFundHoldingData]: Expecting value: line 1 column 1 (char 0)
[09:21:38] curl_cffi FAIL [https://www.twse.com.tw/fund/etfFundHoldingData]: Expecting value: line 1 column 1 (char 0)
[09:21:39] curl_cffi FAIL [https://www.twse.com.tw/fund/etfFundHoldingData]: Expecting value: line 1 column 1 (char 0)
[09:21:40] urllib FAIL [https://www.twse.com.tw/fund/etfFundHoldingData?fund=006208&]: Expecting value: line 1 column 1 (char 0)
[09:21:40] urllib FAIL [https://www.twse.com.tw/fund/etfFundHoldingData?fund=009804&]: Expecting value: line 1 column 1 (char 0)
[09:21:40] urllib FAIL [https://www.twse.com.tw/fund/etfFundHoldingData?fund=0051&ty]: Expecting value: line 1 column 1 (char 0)
[09:21:41] urllib FAIL [https://www.twse.com.tw/fund/etfFundHoldingData?fund=00733&t]: Expecting value: line 1 column 1 (char 0)
[09:21:42] urllib FAIL [https://www.twse.com.tw/fund/etfFundHoldingData?fund=009816&]: Expecting value: line 1 column 1 (char 0)
[09:21:42] urllib FAIL [https://www.twse.com.tw/fund/etfFundHoldingData?fund=0050&ty]: Expecting value: line 1 column 1 (char 0)
[09:21:42] curl_cffi FAIL [https://openapi.twse.com.tw/v1/ETF/getETFInfo]: Expecting value: line 1 column 1 (char 0)
[09:21:42] curl_cffi FAIL [https://openapi.twse.com.tw/v1/ETF/getETFInfo]: Expecting value: line 1 column 1 (char 0)
[09:21:45] urllib FAIL [https://openapi.twse.com.tw/v1/ETF/getETFInfo]: Expecting value: line 1 column 1 (char 0)
[09:21:45] urllib FAIL [https://openapi.twse.com.tw/v1/ETF/getETFInfo]: Expecting value: line 1 column 1 (char 0)
